<?xml version="1.0" encoding="UTF-8"?>
<testng-results ignored="0" total="1" passed="1" failed="0" skipped="0">
  <reporter-output>
    <line>
      <![CDATA[Setting Up Report Config and data providers]]>
    </line>
    <line>
      <![CDATA[All Config setting Up and data providers done]]>
    </line>
    <line>
      <![CDATA[Setting up browser and app Url]]>
    </line>
    <line>
      <![CDATA[browser and app Url up and running]]>
    </line>
    <line>
      <![CDATA[Test about to end and result generated]]>
    </line>
    <line>
      <![CDATA[Test completed >>> Report ready]]>
    </line>
  </reporter-output>
  <suite started-at="2020-06-07T00:56:13Z" name="Suite" finished-at="2020-06-07T00:57:11Z" duration-ms="57454">
    <groups>
    </groups>
    <test started-at="2020-06-07T00:56:13Z" name="LoginTest" finished-at="2020-06-07T00:57:11Z" duration-ms="57454">
      <class name="com.Guru99.Testcases.LoginTestCase">
        <test-method is-config="true" signature="setUpSuite()[pri:0, instance:com.Guru99.Testcases.LoginTestCase@534a5a98]" started-at="2020-06-07T00:56:12Z" name="setUpSuite" finished-at="2020-06-07T00:56:13Z" duration-ms="1054" status="PASS">
          <reporter-output>
            <line>
              <![CDATA[Setting Up Report Config and data providers]]>
            </line>
            <line>
              <![CDATA[All Config setting Up and data providers done]]>
            </line>
          </reporter-output>
        </test-method> <!-- setUpSuite -->
        <test-method is-config="true" signature="setUp()[pri:0, instance:com.Guru99.Testcases.LoginTestCase@534a5a98]" started-at="2020-06-07T00:56:13Z" name="setUp" finished-at="2020-06-07T00:56:55Z" duration-ms="41921" status="PASS">
          <reporter-output>
            <line>
              <![CDATA[Setting up browser and app Url]]>
            </line>
            <line>
              <![CDATA[browser and app Url up and running]]>
            </line>
          </reporter-output>
        </test-method> <!-- setUp -->
        <test-method signature="ValidLoginToApp()[pri:0, instance:com.Guru99.Testcases.LoginTestCase@534a5a98]" started-at="2020-06-07T00:56:55Z" name="ValidLoginToApp" finished-at="2020-06-07T00:57:00Z" duration-ms="4542" status="PASS">
          <reporter-output>
          </reporter-output>
        </test-method> <!-- ValidLoginToApp -->
        <test-method is-config="true" signature="tearDownMethod(org.testng.ITestResult)[pri:0, instance:com.Guru99.Testcases.LoginTestCase@534a5a98]" started-at="2020-06-07T00:57:00Z" name="tearDownMethod" finished-at="2020-06-07T00:57:01Z" duration-ms="1717" status="PASS">
          <params>
            <param index="0">
              <value>
                <![CDATA[[TestResult name=ValidLoginToApp status=SUCCESS method=LoginTestCase.ValidLoginToApp()[pri:0, instance:com.Guru99.Testcases.LoginTestCase@534a5a98] output={null}]]]>
              </value>
            </param>
          </params>
          <reporter-output>
            <line>
              <![CDATA[Test about to end and result generated]]>
            </line>
            <line>
              <![CDATA[Test completed >>> Report ready]]>
            </line>
          </reporter-output>
        </test-method> <!-- tearDownMethod -->
        <test-method is-config="true" signature="tearDown()[pri:0, instance:com.Guru99.Testcases.LoginTestCase@534a5a98]" started-at="2020-06-07T00:57:01Z" name="tearDown" finished-at="2020-06-07T00:57:11Z" duration-ms="9195" status="PASS">
          <reporter-output>
          </reporter-output>
        </test-method> <!-- tearDown -->
      </class> <!-- com.Guru99.Testcases.LoginTestCase -->
    </test> <!-- LoginTest -->
  </suite> <!-- Suite -->
</testng-results>
