<?xml version="1.0" encoding="UTF-8"?>
<!-- Generated by org.testng.reporters.JUnitXMLReporter -->
<testsuite ignored="1" hostname="DESKTOP-MPC1V8S" failures="0" tests="2" name="Test" time="27.97" errors="0" timestamp="06 Jun 2020 18:50:53 GMT">
  <testcase classname="BaseClass.BaseClassPage" name="@BeforeClass setUp" time="0.0">
    <failure type="java.lang.NullPointerException">
      <![CDATA[java.lang.NullPointerException
at BaseClass.BaseClassPage.setUp(BaseClassPage.java:53)
... Removed 26 stack frames]]>
    </failure>
  </testcase> <!-- @BeforeClass setUp -->
  <testcase classname="BaseClass.BaseClassPage" name="@AfterMethod tearDownMethod" time="0.0">
    <skipped/>
  </testcase> <!-- @AfterMethod tearDownMethod -->
  <testcase classname="BaseClass.BaseClassPage" name="@AfterClass tearDown" time="0.0">
    <skipped/>
  </testcase> <!-- @AfterClass tearDown -->
  <testcase classname="com.Guru99.Testcases.ValidLoginTestCase" name="LoginApp" time="2.205"/>
  <testcase classname="com.Guru99.Testcases.InvalidLoginTestCase" name="inValidLoginApp" time="0.0">
    <skipped/>
  </testcase> <!-- inValidLoginApp -->
  <testcase classname="BaseClass.BaseClassPage" name="@BeforeSuite setUpSuite" time="0.0">
    <ignored/>
  </testcase> <!-- @BeforeSuite setUpSuite -->
</testsuite> <!-- Test -->
