<?xml version="1.0" encoding="UTF-8"?>
<!-- Generated by org.testng.reporters.JUnitXMLReporter -->
<testsuite ignored="1" hostname="DESKTOP-MPC1V8S" failures="0" tests="2" name="ValidLoginTest" time="25.427" errors="0" timestamp="30 May 2020 03:20:52 GMT">
  <testcase classname="BaseClass.BaseClassPage" name="@BeforeClass setUp" time="0.001">
    <failure type="java.lang.NullPointerException">
      <![CDATA[java.lang.NullPointerException
at BaseClass.BaseClassPage.setUp(BaseClassPage.java:49)
... Removed 26 stack frames]]>
    </failure>
  </testcase> <!-- @BeforeClass setUp -->
  <testcase classname="BaseClass.BaseClassPage" name="@AfterMethod tearDownMethod" time="0.0">
    <skipped/>
  </testcase> <!-- @AfterMethod tearDownMethod -->
  <testcase classname="BaseClass.BaseClassPage" name="@AfterClass tearDown" time="0.0">
    <skipped/>
  </testcase> <!-- @AfterClass tearDown -->
  <testcase classname="com.Guru99.Testcases.LoginTestCase" name="LoginApp" time="2.789"/>
  <testcase classname="com.Guru99.Testcases.invalidLoginTestCase" name="inValidLoginApp" time="0.0">
    <skipped/>
  </testcase> <!-- inValidLoginApp -->
  <testcase classname="BaseClass.BaseClassPage" name="@BeforeSuite setUpSuite" time="0.0">
    <ignored/>
  </testcase> <!-- @BeforeSuite setUpSuite -->
</testsuite> <!-- ValidLoginTest -->
